<?xml version="1.0" encoding="UTF-8"?>
<!-- Generated by org.testng.reporters.JUnitXMLReporter -->
<testsuite ignored="0" hostname="LIN-5CG05216NL" failures="0" tests="4" name="Test" time="0.076" errors="0" timestamp="2025-01-24T13:48:48 IST">
  <testcase classname="Test.day1" name="demo" time="0.017"/>
  <testcase classname="Test.day1" name="demo2" time="0.002"/>
  <testcase classname="Test.day2" name="demo" time="0.001"/>
  <testcase classname="Test.day3" name="login" time="0.004"/>
</testsuite> <!-- Test -->
