<?xml version="1.0" encoding="UTF-8"?>
<testng-results ignored="0" total="4" passed="4" failed="0" skipped="0">
  <reporter-output>
  </reporter-output>
  <suite started-at="2025-01-24T13:48:48 IST" name="Suite" finished-at="2025-01-24T13:48:48 IST" duration-ms="76">
    <groups>
    </groups>
    <test started-at="2025-01-24T13:48:48 IST" name="Test" finished-at="2025-01-24T13:48:48 IST" duration-ms="76">
      <class name="Test.day1">
        <test-method signature="demo()[pri:0, instance:Test.day1@402bba4f]" started-at="2025-01-24T13:48:48 IST" name="demo" finished-at="2025-01-24T13:48:48 IST" duration-ms="17" status="PASS">
          <reporter-output>
          </reporter-output>
        </test-method> <!-- demo -->
        <test-method signature="demo2()[pri:0, instance:Test.day1@402bba4f]" started-at="2025-01-24T13:48:48 IST" name="demo2" finished-at="2025-01-24T13:48:48 IST" duration-ms="2" status="PASS">
          <reporter-output>
          </reporter-output>
        </test-method> <!-- demo2 -->
      </class> <!-- Test.day1 -->
      <class name="Test.day3">
        <test-method signature="login()[pri:0, instance:Test.day3@42e99e4a]" started-at="2025-01-24T13:48:48 IST" name="login" finished-at="2025-01-24T13:48:48 IST" duration-ms="4" status="PASS">
          <reporter-output>
          </reporter-output>
        </test-method> <!-- login -->
      </class> <!-- Test.day3 -->
      <class name="Test.day2">
        <test-method signature="demo()[pri:0, instance:Test.day2@4d9e68d0]" started-at="2025-01-24T13:48:48 IST" name="demo" finished-at="2025-01-24T13:48:48 IST" duration-ms="1" status="PASS">
          <reporter-output>
          </reporter-output>
        </test-method> <!-- demo -->
      </class> <!-- Test.day2 -->
    </test> <!-- Test -->
  </suite> <!-- Suite -->
</testng-results>
